<?xml version="1.0" encoding="UTF-8"?>
<!-- Generated by org.testng.reporters.JUnitXMLReporter -->
<testsuite ignored="0" hostname="DESKTOP-1CJKE39" failures="0" tests="6" name="Test" time="0.045" errors="0" timestamp="2021-10-02T15:17:51 EDT">
  <testcase classname="meghna.mavenProject.AppiumTest" name="IOSApp" time="0.006"/>
  <testcase classname="meghna.mavenProject.AppiumTest" name="androidApp" time="0.001"/>
  <testcase classname="meghna.mavenProject.RestAPITest" name="deleteTwitter" time="0.001"/>
  <testcase classname="meghna.mavenProject.RestAPITest" name="postJira" time="0.0"/>
  <testcase classname="meghna.mavenProject.SeleniumTest" name="browserTesting" time="0.001"/>
  <testcase classname="meghna.mavenProject.SeleniumTest" name="uiElements" time="0.0"/>
</testsuite> <!-- Test -->
