<?xml version="1.0" encoding="UTF-8"?>
<!-- Generated by org.testng.reporters.JUnitXMLReporter -->
<testsuite ignored="0" hostname="DESKTOP-1CJKE39" failures="0" tests="4" name="Test" time="0.022" errors="0" timestamp="02 Oct. 2021 19:20:26 GMT">
  <testcase classname="meghna.mavenProject.RestAPITest" name="deleteTwitter" time="0.005"/>
  <testcase classname="meghna.mavenProject.RestAPITest" name="postJira" time="0.001"/>
  <testcase classname="meghna.mavenProject.SeleniumTest" name="browserTesting" time="0.0"/>
  <testcase classname="meghna.mavenProject.SeleniumTest" name="uiElements" time="0.0"/>
</testsuite> <!-- Test -->
