<?xml version="1.0" encoding="UTF-8"?>
<testng-results ignored="0" total="4" passed="4" failed="0" skipped="0">
  <reporter-output>
  </reporter-output>
  <suite started-at="2021-10-02T19:20:26Z" name="Suite" finished-at="2021-10-02T19:20:26Z" duration-ms="22">
    <groups>
    </groups>
    <test started-at="2021-10-02T19:20:26Z" name="Test" finished-at="2021-10-02T19:20:26Z" duration-ms="22">
      <class name="meghna.mavenProject.SeleniumTest">
        <test-method signature="browserTesting()[pri:0, instance:meghna.mavenProject.SeleniumTest@518caac3]" started-at="2021-10-02T19:20:26Z" name="browserTesting" finished-at="2021-10-02T19:20:26Z" duration-ms="0" status="PASS">
          <reporter-output>
          </reporter-output>
        </test-method> <!-- browserTesting -->
        <test-method signature="uiElements()[pri:0, instance:meghna.mavenProject.SeleniumTest@518caac3]" started-at="2021-10-02T19:20:26Z" name="uiElements" finished-at="2021-10-02T19:20:26Z" duration-ms="0" status="PASS">
          <reporter-output>
          </reporter-output>
        </test-method> <!-- uiElements -->
      </class> <!-- meghna.mavenProject.SeleniumTest -->
      <class name="meghna.mavenProject.RestAPITest">
        <test-method signature="deleteTwitter()[pri:0, instance:meghna.mavenProject.RestAPITest@135606db]" started-at="2021-10-02T19:20:26Z" name="deleteTwitter" finished-at="2021-10-02T19:20:26Z" duration-ms="5" status="PASS">
          <reporter-output>
          </reporter-output>
        </test-method> <!-- deleteTwitter -->
        <test-method signature="postJira()[pri:0, instance:meghna.mavenProject.RestAPITest@135606db]" started-at="2021-10-02T19:20:26Z" name="postJira" finished-at="2021-10-02T19:20:26Z" duration-ms="1" status="PASS">
          <reporter-output>
          </reporter-output>
        </test-method> <!-- postJira -->
      </class> <!-- meghna.mavenProject.RestAPITest -->
    </test> <!-- Test -->
  </suite> <!-- Suite -->
</testng-results>
