<?xml version="1.0" encoding="UTF-8"?>
<testng-results ignored="0" total="2" passed="2" failed="0" skipped="0">
  <reporter-output>
  </reporter-output>
  <suite started-at="2021-10-17T22:16:15 EDT" name="Default suite" finished-at="2021-10-17T22:16:15 EDT" duration-ms="38">
    <groups>
    </groups>
    <test started-at="2021-10-17T22:16:15 EDT" name="Default test" finished-at="2021-10-17T22:16:15 EDT" duration-ms="38">
      <class name="meghna.mavenProject.AppiumTest">
        <test-method signature="IOSApp()[pri:0, instance:meghna.mavenProject.AppiumTest@3e6ef8ad]" started-at="2021-10-17T22:16:15 EDT" name="IOSApp" finished-at="2021-10-17T22:16:15 EDT" duration-ms="6" status="PASS">
          <reporter-output>
          </reporter-output>
        </test-method> <!-- IOSApp -->
        <test-method signature="androidApp()[pri:0, instance:meghna.mavenProject.AppiumTest@3e6ef8ad]" started-at="2021-10-17T22:16:15 EDT" name="androidApp" finished-at="2021-10-17T22:16:15 EDT" duration-ms="1" status="PASS">
          <reporter-output>
          </reporter-output>
        </test-method> <!-- androidApp -->
      </class> <!-- meghna.mavenProject.AppiumTest -->
    </test> <!-- Default test -->
  </suite> <!-- Default suite -->
</testng-results>
